build/app/intermediates/manifest_merge_blame_file/debug/processDebugMainManifest/manifest-merger-blame-debug-report.txt
1<?xml version="1.0" encoding="utf-8"?>
2<manifest xmlns:android="http://schemas.android.com/apk/res/android"
3    package="com.example.tomato_app"
4    android:versionCode="1"
5    android:versionName="1.0" >
6
7    <uses-sdk
8        android:minSdkVersion="26"
9        android:targetSdkVersion="36" />
10    <!--
11         The INTERNET permission is required for development. Specifically,
12         the Flutter tool needs it to communicate with the running application
13         to allow setting breakpoints, to provide hot reload, etc.
14    -->
15    <uses-permission android:name="android.permission.INTERNET" />
15-->src\debug\AndroidManifest.xml:6:5-66
15-->src\debug\AndroidManifest.xml:6:22-64
16    <!--
17     Required to query activities that can process text, see:
18         https://developer.android.com/training/package-visibility and
19         https://developer.android.com/reference/android/content/Intent#ACTION_PROCESS_TEXT.
20
21         In particular, this is used by the Flutter engine in io.flutter.plugin.text.ProcessTextPlugin.
22    -->
23    <queries>
23-->src\main\AndroidManifest.xml:44:5-49:15
24        <intent>
24-->src\main\AndroidManifest.xml:45:9-48:18
25            <action android:name="android.intent.action.PROCESS_TEXT" />
25-->src\main\AndroidManifest.xml:46:13-72
25-->src\main\AndroidManifest.xml:46:21-70
26
27            <data android:mimeType="text/plain" />
27-->src\main\AndroidManifest.xml:47:13-50
27-->src\main\AndroidManifest.xml:47:19-48
28        </intent>
29        <intent>
29-->[:flutter_inappwebview_android] AndroidManifest.xml:8:9-10:18
30            <action android:name="android.support.customtabs.action.CustomTabsService" />
30-->[:flutter_inappwebview_android] AndroidManifest.xml:9:13-90
30-->[:flutter_inappwebview_android] AndroidManifest.xml:9:21-87
31        </intent>
32    </queries>
33
34    <permission
34-->[androidx.core:core:1.18.0] AndroidManifest.xml:22:5-24:47
35        android:name="com.example.tomato_app.DYNAMIC_RECEIVER_NOT_EXPORTED_PERMISSION"
35-->[androidx.core:core:1.18.0] AndroidManifest.xml:23:9-81
36        android:protectionLevel="signature" />
36-->[androidx.core:core:1.18.0] AndroidManifest.xml:24:9-44
37
38    <uses-permission android:name="com.example.tomato_app.DYNAMIC_RECEIVER_NOT_EXPORTED_PERMISSION" />
38-->[androidx.core:core:1.18.0] AndroidManifest.xml:26:5-97
38-->[androidx.core:core:1.18.0] AndroidManifest.xml:26:22-94
39
40    <application
41        android:name="android.app.Application"
42        android:appComponentFactory="androidx.core.app.CoreComponentFactory"
42-->[androidx.core:core:1.18.0] AndroidManifest.xml:28:18-86
43        android:debuggable="true"
44        android:extractNativeLibs="false"
45        android:icon="@mipmap/ic_launcher"
46        android:label="tomato_app" >
47        <uses-permission android:name="android.permission.INTERNET" />
47-->src\debug\AndroidManifest.xml:6:5-66
47-->src\debug\AndroidManifest.xml:6:22-64
48        <uses-permission android:name="android.permission.ACCESS_FINE_LOCATION" />
49        <uses-permission android:name="android.permission.ACCESS_COARSE_LOCATION" />
50
51        <activity
52            android:name="com.example.tomato_app.MainActivity"
53            android:configChanges="orientation|keyboardHidden|keyboard|screenSize|smallestScreenSize|locale|layoutDirection|fontScale|screenLayout|density|uiMode"
54            android:exported="true"
55            android:hardwareAccelerated="true"
56            android:launchMode="singleTop"
57            android:taskAffinity=""
58            android:theme="@style/LaunchTheme"
59            android:windowSoftInputMode="adjustResize" >
60
61            <!--
62                 Specifies an Android theme to apply to this Activity as soon as
63                 the Android process has started. This theme is visible to the user
64                 while the Flutter UI initializes. After that, this theme continues
65                 to determine the Window background behind the Flutter UI.
66            -->
67            <meta-data
68                android:name="io.flutter.embedding.android.NormalTheme"
69                android:resource="@style/NormalTheme" />
70
71            <intent-filter>
72                <action android:name="android.intent.action.MAIN" />
73
74                <category android:name="android.intent.category.LAUNCHER" />
75            </intent-filter>
76        </activity>
77        <!--
78             Don't delete the meta-data below.
79             This is used by the Flutter tool to generate GeneratedPluginRegistrant.java
80        -->
81        <meta-data
82            android:name="flutterEmbedding"
83            android:value="2" />
84
85        <activity
85-->[:flutter_inappwebview_android] AndroidManifest.xml:14:9-18:47
86            android:name="com.pichillilorenzo.flutter_inappwebview_android.in_app_browser.InAppBrowserActivity"
86-->[:flutter_inappwebview_android] AndroidManifest.xml:15:13-112
87            android:configChanges="orientation|keyboardHidden|keyboard|screenSize|locale|layoutDirection|fontScale|screenLayout|density"
87-->[:flutter_inappwebview_android] AndroidManifest.xml:16:13-137
88            android:exported="false"
88-->[:flutter_inappwebview_android] AndroidManifest.xml:17:13-37
89            android:theme="@style/AppTheme" />
89-->[:flutter_inappwebview_android] AndroidManifest.xml:18:13-44
90        <activity
90-->[:flutter_inappwebview_android] AndroidManifest.xml:19:9-22:55
91            android:name="com.pichillilorenzo.flutter_inappwebview_android.chrome_custom_tabs.ChromeCustomTabsActivity"
91-->[:flutter_inappwebview_android] AndroidManifest.xml:20:13-120
92            android:exported="false"
92-->[:flutter_inappwebview_android] AndroidManifest.xml:21:13-37
93            android:theme="@style/ThemeTransparent" />
93-->[:flutter_inappwebview_android] AndroidManifest.xml:22:13-52
94        <activity
94-->[:flutter_inappwebview_android] AndroidManifest.xml:23:9-26:55
95            android:name="com.pichillilorenzo.flutter_inappwebview_android.chrome_custom_tabs.TrustedWebActivity"
95-->[:flutter_inappwebview_android] AndroidManifest.xml:24:13-114
96            android:exported="false"
96-->[:flutter_inappwebview_android] AndroidManifest.xml:25:13-37
97            android:theme="@style/ThemeTransparent" />
97-->[:flutter_inappwebview_android] AndroidManifest.xml:26:13-52
98        <activity
98-->[:flutter_inappwebview_android] AndroidManifest.xml:27:9-31:55
99            android:name="com.pichillilorenzo.flutter_inappwebview_android.chrome_custom_tabs.ChromeCustomTabsActivitySingleInstance"
99-->[:flutter_inappwebview_android] AndroidManifest.xml:28:13-134
100            android:exported="false"
100-->[:flutter_inappwebview_android] AndroidManifest.xml:29:13-37
101            android:launchMode="singleInstance"
101-->[:flutter_inappwebview_android] AndroidManifest.xml:30:13-48
102            android:theme="@style/ThemeTransparent" />
102-->[:flutter_inappwebview_android] AndroidManifest.xml:31:13-52
103        <activity
103-->[:flutter_inappwebview_android] AndroidManifest.xml:32:9-36:55
104            android:name="com.pichillilorenzo.flutter_inappwebview_android.chrome_custom_tabs.TrustedWebActivitySingleInstance"
104-->[:flutter_inappwebview_android] AndroidManifest.xml:33:13-128
105            android:exported="false"
105-->[:flutter_inappwebview_android] AndroidManifest.xml:34:13-37
106            android:launchMode="singleInstance"
106-->[:flutter_inappwebview_android] AndroidManifest.xml:35:13-48
107            android:theme="@style/ThemeTransparent" />
107-->[:flutter_inappwebview_android] AndroidManifest.xml:36:13-52
108
109        <receiver
109-->[:flutter_inappwebview_android] AndroidManifest.xml:38:9-41:40
110            android:name="com.pichillilorenzo.flutter_inappwebview_android.chrome_custom_tabs.ActionBroadcastReceiver"
110-->[:flutter_inappwebview_android] AndroidManifest.xml:39:13-119
111            android:enabled="true"
111-->[:flutter_inappwebview_android] AndroidManifest.xml:40:13-35
112            android:exported="false" />
112-->[:flutter_inappwebview_android] AndroidManifest.xml:41:13-37
113
114        <meta-data
114-->[:flutter_inappwebview_android] AndroidManifest.xml:43:9-45:36
115            android:name="io.flutter.embedded_views_preview"
115-->[:flutter_inappwebview_android] AndroidManifest.xml:44:13-61
116            android:value="true" />
116-->[:flutter_inappwebview_android] AndroidManifest.xml:45:13-33
117
118        <service
118-->[:geolocator_android] AndroidManifest.xml:8:9-12:56
119            android:name="com.baseflow.geolocator.GeolocatorLocationService"
119-->[:geolocator_android] AndroidManifest.xml:9:13-77
120            android:enabled="true"
120-->[:geolocator_android] AndroidManifest.xml:10:13-35
121            android:exported="false"
121-->[:geolocator_android] AndroidManifest.xml:11:13-37
122            android:foregroundServiceType="location" />
122-->[:geolocator_android] AndroidManifest.xml:12:13-53
123
124        <provider
124-->[:image_picker_android] AndroidManifest.xml:9:9-17:20
125            android:name="io.flutter.plugins.imagepicker.ImagePickerFileProvider"
125-->[:image_picker_android] AndroidManifest.xml:10:13-82
126            android:authorities="com.example.tomato_app.flutter.image_provider"
126-->[:image_picker_android] AndroidManifest.xml:11:13-74
127            android:exported="false"
127-->[:image_picker_android] AndroidManifest.xml:12:13-37
128            android:grantUriPermissions="true" >
128-->[:image_picker_android] AndroidManifest.xml:13:13-47
129            <meta-data
129-->[:image_picker_android] AndroidManifest.xml:14:13-16:75
130                android:name="android.support.FILE_PROVIDER_PATHS"
130-->[:image_picker_android] AndroidManifest.xml:15:17-67
131                android:resource="@xml/flutter_image_picker_file_paths" />
131-->[:image_picker_android] AndroidManifest.xml:16:17-72
132        </provider> <!-- Trigger Google Play services to install the backported photo picker module. -->
133        <service
133-->[:image_picker_android] AndroidManifest.xml:19:9-31:19
134            android:name="com.google.android.gms.metadata.ModuleDependencies"
134-->[:image_picker_android] AndroidManifest.xml:20:13-78
135            android:enabled="false"
135-->[:image_picker_android] AndroidManifest.xml:21:13-36
136            android:exported="false" >
136-->[:image_picker_android] AndroidManifest.xml:22:13-37
137            <intent-filter>
137-->[:image_picker_android] AndroidManifest.xml:24:13-26:29
138                <action android:name="com.google.android.gms.metadata.MODULE_DEPENDENCIES" />
138-->[:image_picker_android] AndroidManifest.xml:25:17-94
138-->[:image_picker_android] AndroidManifest.xml:25:25-91
139            </intent-filter>
140
141            <meta-data
141-->[:image_picker_android] AndroidManifest.xml:28:13-30:36
142                android:name="photopicker_activity:0:required"
142-->[:image_picker_android] AndroidManifest.xml:29:17-63
143                android:value="" />
143-->[:image_picker_android] AndroidManifest.xml:30:17-33
144        </service>
145
146        <activity
146-->[:url_launcher_android] AndroidManifest.xml:8:9-11:74
147            android:name="io.flutter.plugins.urllauncher.WebViewActivity"
147-->[:url_launcher_android] AndroidManifest.xml:9:13-74
148            android:exported="false"
148-->[:url_launcher_android] AndroidManifest.xml:10:13-37
149            android:theme="@android:style/Theme.NoTitleBar.Fullscreen" />
149-->[:url_launcher_android] AndroidManifest.xml:11:13-71
150
151        <uses-library
151-->[androidx.window:window:1.2.0] AndroidManifest.xml:23:9-25:40
152            android:name="androidx.window.extensions"
152-->[androidx.window:window:1.2.0] AndroidManifest.xml:24:13-54
153            android:required="false" />
153-->[androidx.window:window:1.2.0] AndroidManifest.xml:25:13-37
154        <uses-library
154-->[androidx.window:window:1.2.0] AndroidManifest.xml:26:9-28:40
155            android:name="androidx.window.sidecar"
155-->[androidx.window:window:1.2.0] AndroidManifest.xml:27:13-51
156            android:required="false" />
156-->[androidx.window:window:1.2.0] AndroidManifest.xml:28:13-37
157
158        <provider
158-->[androidx.emoji2:emoji2:1.2.0] AndroidManifest.xml:24:9-32:20
159            android:name="androidx.startup.InitializationProvider"
159-->[androidx.emoji2:emoji2:1.2.0] AndroidManifest.xml:25:13-67
160            android:authorities="com.example.tomato_app.androidx-startup"
160-->[androidx.emoji2:emoji2:1.2.0] AndroidManifest.xml:26:13-68
161            android:exported="false" >
161-->[androidx.emoji2:emoji2:1.2.0] AndroidManifest.xml:27:13-37
162            <meta-data
162-->[androidx.emoji2:emoji2:1.2.0] AndroidManifest.xml:29:13-31:52
163                android:name="androidx.emoji2.text.EmojiCompatInitializer"
163-->[androidx.emoji2:emoji2:1.2.0] AndroidManifest.xml:30:17-75
164                android:value="androidx.startup" />
164-->[androidx.emoji2:emoji2:1.2.0] AndroidManifest.xml:31:17-49
165            <meta-data
165-->[androidx.lifecycle:lifecycle-process:2.7.0] AndroidManifest.xml:29:13-31:52
166                android:name="androidx.lifecycle.ProcessLifecycleInitializer"
166-->[androidx.lifecycle:lifecycle-process:2.7.0] AndroidManifest.xml:30:17-78
167                android:value="androidx.startup" />
167-->[androidx.lifecycle:lifecycle-process:2.7.0] AndroidManifest.xml:31:17-49
168            <meta-data
168-->[androidx.profileinstaller:profileinstaller:1.4.0] AndroidManifest.xml:29:13-31:52
169                android:name="androidx.profileinstaller.ProfileInstallerInitializer"
169-->[androidx.profileinstaller:profileinstaller:1.4.0] AndroidManifest.xml:30:17-85
170                android:value="androidx.startup" />
170-->[androidx.profileinstaller:profileinstaller:1.4.0] AndroidManifest.xml:31:17-49
171        </provider>
172
173        <activity
173-->[com.google.android.gms:play-services-base:18.3.0] AndroidManifest.xml:20:9-22:45
174            android:name="com.google.android.gms.common.api.GoogleApiActivity"
174-->[com.google.android.gms:play-services-base:18.3.0] AndroidManifest.xml:20:19-85
175            android:exported="false"
175-->[com.google.android.gms:play-services-base:18.3.0] AndroidManifest.xml:22:19-43
176            android:theme="@android:style/Theme.Translucent.NoTitleBar" />
176-->[com.google.android.gms:play-services-base:18.3.0] AndroidManifest.xml:21:19-78
177
178        <meta-data
178-->[com.google.android.gms:play-services-basement:18.3.0] AndroidManifest.xml:21:9-23:69
179            android:name="com.google.android.gms.version"
179-->[com.google.android.gms:play-services-basement:18.3.0] AndroidManifest.xml:22:13-58
180            android:value="@integer/google_play_services_version" />
180-->[com.google.android.gms:play-services-basement:18.3.0] AndroidManifest.xml:23:13-66
181
182        <receiver
182-->[androidx.profileinstaller:profileinstaller:1.4.0] AndroidManifest.xml:34:9-52:20
183            android:name="androidx.profileinstaller.ProfileInstallReceiver"
183-->[androidx.profileinstaller:profileinstaller:1.4.0] AndroidManifest.xml:35:13-76
184            android:directBootAware="false"
184-->[androidx.profileinstaller:profileinstaller:1.4.0] AndroidManifest.xml:36:13-44
185            android:enabled="true"
185-->[androidx.profileinstaller:profileinstaller:1.4.0] AndroidManifest.xml:37:13-35
186            android:exported="true"
186-->[androidx.profileinstaller:profileinstaller:1.4.0] AndroidManifest.xml:38:13-36
187            android:permission="android.permission.DUMP" >
187-->[androidx.profileinstaller:profileinstaller:1.4.0] AndroidManifest.xml:39:13-57
188            <intent-filter>
188-->[androidx.profileinstaller:profileinstaller:1.4.0] AndroidManifest.xml:40:13-42:29
189                <action android:name="androidx.profileinstaller.action.INSTALL_PROFILE" />
189-->[androidx.profileinstaller:profileinstaller:1.4.0] AndroidManifest.xml:41:17-91
189-->[androidx.profileinstaller:profileinstaller:1.4.0] AndroidManifest.xml:41:25-88
190            </intent-filter>
191            <intent-filter>
191-->[androidx.profileinstaller:profileinstaller:1.4.0] AndroidManifest.xml:43:13-45:29
192                <action android:name="androidx.profileinstaller.action.SKIP_FILE" />
192-->[androidx.profileinstaller:profileinstaller:1.4.0] AndroidManifest.xml:44:17-85
192-->[androidx.profileinstaller:profileinstaller:1.4.0] AndroidManifest.xml:44:25-82
193            </intent-filter>
194            <intent-filter>
194-->[androidx.profileinstaller:profileinstaller:1.4.0] AndroidManifest.xml:46:13-48:29
195                <action android:name="androidx.profileinstaller.action.SAVE_PROFILE" />
195-->[androidx.profileinstaller:profileinstaller:1.4.0] AndroidManifest.xml:47:17-88
195-->[androidx.profileinstaller:profileinstaller:1.4.0] AndroidManifest.xml:47:25-85
196            </intent-filter>
197            <intent-filter>
197-->[androidx.profileinstaller:profileinstaller:1.4.0] AndroidManifest.xml:49:13-51:29
198                <action android:name="androidx.profileinstaller.action.BENCHMARK_OPERATION" />
198-->[androidx.profileinstaller:profileinstaller:1.4.0] AndroidManifest.xml:50:17-95
198-->[androidx.profileinstaller:profileinstaller:1.4.0] AndroidManifest.xml:50:25-92
199            </intent-filter>
200        </receiver>
201    </application>
202
203</manifest>